  0%|          | 0/2 [00:00<?, ?it/s]100%|██████████| 2/2 [00:00<00:00, 23.31it/s]
  0%|          | 0/2 [00:00<?, ?it/s]100%|██████████| 2/2 [00:00<00:00, 95.98it/s]
  0%|          | 0/2 [00:00<?, ?it/s] 50%|█████     | 1/2 [00:00<00:00,  5.82it/s]100%|██████████| 2/2 [00:00<00:00,  5.80it/s]100%|██████████| 2/2 [00:00<00:00,  5.80it/s]
  0%|          | 0/1 [00:00<?, ?it/s]100%|██████████| 1/1 [00:00<00:00, 32.42it/s]
  0%|          | 0/1 [00:00<?, ?it/s]100%|██████████| 1/1 [00:00<00:00, 98.97it/s]
  0%|          | 0/1 [00:00<?, ?it/s]100%|██████████| 1/1 [00:00<00:00,  5.92it/s]100%|██████████| 1/1 [00:00<00:00,  5.91it/s]
GPU available: True (cuda), used: True
TPU available: False, using: 0 TPU cores
/jet/home/cpeng3/.conda/envs/env_214/lib/python3.10/site-packages/lightning/pytorch/trainer/connectors/logger_connector/logger_connector.py:76: Starting from v1.9.0, `tensorboardX` has been removed as a dependency of the `lightning.pytorch` package, due to potential conflicts with other packages in the ML ecosystem. For this reason, `logger=True` will use `CSVLogger` as the default logger, unless the `tensorboard` or `tensorboardX` packages are found. Please `pip install lightning[extra]` or one of them to enable TensorBoard support by default
💡 Tip: For seamless cloud logging and experiment tracking, try installing [litlogger](https://pypi.org/project/litlogger/) to enable LitLogger, which logs metrics and artifacts automatically to the Lightning Experiments platform.
/jet/home/cpeng3/.conda/envs/env_214/lib/python3.10/site-packages/lightning/pytorch/callbacks/model_checkpoint.py:881: Checkpoint directory /jet/home/cpeng3/214_lab2_group5/lab2/code/checkpoints/finetune/fold_1 exists and is not empty.
LOCAL_RANK: 0 - CUDA_VISIBLE_DEVICES: [0]

  | Name    | Type       | Params | Mode  | FLOPs
-------------------------------------------------------
0 | encoder | Sequential | 91.8 K | train | 0    
1 | decoder | Sequential | 92.5 K | train | 0    
-------------------------------------------------------
92.5 K    Trainable params
91.8 K    Non-trainable params
184 K     Total params
0.737     Total estimated model params size (MB)
14        Modules in train mode
0         Modules in eval mode
0         Total Flops
SLURM auto-requeueing enabled. Setting signal handlers.
/jet/home/cpeng3/.conda/envs/env_214/lib/python3.10/site-packages/lightning/pytorch/utilities/_pytree.py:21: `isinstance(treespec, LeafSpec)` is deprecated, use `isinstance(treespec, TreeSpec) and treespec.is_leaf()` instead.
Traceback (most recent call last):
  File "/jet/home/cpeng3/214_lab2_group5/lab2/code/run_autoencoder.py", line 277, in <module>
    trainer.fit(model, train_dataloaders=dataloader_train, val_dataloaders=dataloader_val)
  File "/jet/home/cpeng3/.conda/envs/env_214/lib/python3.10/site-packages/lightning/pytorch/trainer/trainer.py", line 584, in fit
    call._call_and_handle_interrupt(
  File "/jet/home/cpeng3/.conda/envs/env_214/lib/python3.10/site-packages/lightning/pytorch/trainer/call.py", line 49, in _call_and_handle_interrupt
    return trainer_fn(*args, **kwargs)
  File "/jet/home/cpeng3/.conda/envs/env_214/lib/python3.10/site-packages/lightning/pytorch/trainer/trainer.py", line 630, in _fit_impl
    self._run(model, ckpt_path=ckpt_path, weights_only=weights_only)
  File "/jet/home/cpeng3/.conda/envs/env_214/lib/python3.10/site-packages/lightning/pytorch/trainer/trainer.py", line 1079, in _run
    results = self._run_stage()
  File "/jet/home/cpeng3/.conda/envs/env_214/lib/python3.10/site-packages/lightning/pytorch/trainer/trainer.py", line 1123, in _run_stage
    self.fit_loop.run()
  File "/jet/home/cpeng3/.conda/envs/env_214/lib/python3.10/site-packages/lightning/pytorch/loops/fit_loop.py", line 217, in run
    self.advance()
  File "/jet/home/cpeng3/.conda/envs/env_214/lib/python3.10/site-packages/lightning/pytorch/loops/fit_loop.py", line 465, in advance
    self.epoch_loop.run(self._data_fetcher)
  File "/jet/home/cpeng3/.conda/envs/env_214/lib/python3.10/site-packages/lightning/pytorch/loops/training_epoch_loop.py", line 154, in run
    self.on_advance_end(data_fetcher)
  File "/jet/home/cpeng3/.conda/envs/env_214/lib/python3.10/site-packages/lightning/pytorch/loops/training_epoch_loop.py", line 406, in on_advance_end
    self.val_loop.run()
  File "/jet/home/cpeng3/.conda/envs/env_214/lib/python3.10/site-packages/lightning/pytorch/loops/utilities.py", line 179, in _decorator
    return loop_run(self, *args, **kwargs)
  File "/jet/home/cpeng3/.conda/envs/env_214/lib/python3.10/site-packages/lightning/pytorch/loops/evaluation_loop.py", line 153, in run
    return self.on_run_end()
  File "/jet/home/cpeng3/.conda/envs/env_214/lib/python3.10/site-packages/lightning/pytorch/loops/evaluation_loop.py", line 307, in on_run_end
    self.trainer._logger_connector.log_eval_end_metrics(all_logged_outputs)
  File "/jet/home/cpeng3/.conda/envs/env_214/lib/python3.10/site-packages/lightning/pytorch/trainer/connectors/logger_connector/logger_connector.py", line 160, in log_eval_end_metrics
    self.log_metrics(metrics)
  File "/jet/home/cpeng3/.conda/envs/env_214/lib/python3.10/site-packages/lightning/pytorch/trainer/connectors/logger_connector/logger_connector.py", line 128, in log_metrics
    logger.save()
  File "/jet/home/cpeng3/.conda/envs/env_214/lib/python3.10/site-packages/lightning_utilities/core/rank_zero.py", line 42, in wrapped_fn
    return fn(*args, **kwargs)
  File "/jet/home/cpeng3/.conda/envs/env_214/lib/python3.10/site-packages/lightning/fabric/loggers/csv_logs.py", line 160, in save
    self.experiment.save()
  File "/jet/home/cpeng3/.conda/envs/env_214/lib/python3.10/site-packages/lightning/fabric/loggers/csv_logs.py", line 238, in save
    self._rewrite_with_new_header(self.metrics_keys)
  File "/jet/home/cpeng3/.conda/envs/env_214/lib/python3.10/site-packages/lightning/fabric/loggers/csv_logs.py", line 264, in _rewrite_with_new_header
    writer.writerows(metrics)
  File "/jet/home/cpeng3/.conda/envs/env_214/lib/python3.10/csv.py", line 157, in writerows
    return self.writer.writerows(map(self._dict_to_list, rowdicts))
  File "/jet/home/cpeng3/.conda/envs/env_214/lib/python3.10/csv.py", line 149, in _dict_to_list
    raise ValueError("dict contains fields not in fieldnames: "
ValueError: dict contains fields not in fieldnames: 'train_loss_epoch'
srun: error: w010: task 0: Exited with exit code 1
